Determining if the pthread_create exist failed with the following output:
Change Dir: /home/isp/Desktop/workspace/build/CMakeFiles/CMakeTmp

Run Build Command:"/usr/bin/make" "cmTC_2f921/fast"
/usr/bin/make -f CMakeFiles/cmTC_2f921.dir/build.make CMakeFiles/cmTC_2f921.dir/build
make[1]: Entering directory '/home/isp/Desktop/workspace/build/CMakeFiles/CMakeTmp'
Building C object CMakeFiles/cmTC_2f921.dir/CheckSymbolExists.c.o
/usr/bin/cc    -o CMakeFiles/cmTC_2f921.dir/CheckSymbolExists.c.o   -c /home/isp/Desktop/workspace/build/CMakeFiles/CMakeTmp/CheckSymbolExists.c
Linking C executable cmTC_2f921
/usr/bin/cmake -E cmake_link_script CMakeFiles/cmTC_2f921.dir/link.txt --verbose=1
/usr/bin/cc      -rdynamic CMakeFiles/cmTC_2f921.dir/CheckSymbolExists.c.o  -o cmTC_2f921 
CMakeFiles/cmTC_2f921.dir/CheckSymbolExists.c.o: 於函式 main:
CheckSymbolExists.c:(.text+0x14): 未定義參考到 pthread_create
CheckSymbolExists.c:(.text+0x18): 未定義參考到 pthread_create
collect2: error: ld returned 1 exit status
CMakeFiles/cmTC_2f921.dir/build.make:97: recipe for target 'cmTC_2f921' failed
make[1]: *** [cmTC_2f921] Error 1
make[1]: Leaving directory '/home/isp/Desktop/workspace/build/CMakeFiles/CMakeTmp'
Makefile:126: recipe for target 'cmTC_2f921/fast' failed
make: *** [cmTC_2f921/fast] Error 2

File /home/isp/Desktop/workspace/build/CMakeFiles/CMakeTmp/CheckSymbolExists.c:
/* */
#include <pthread.h>

int main(int argc, char** argv)
{
  (void)argv;
#ifndef pthread_create
  return ((int*)(&pthread_create))[argc];
#else
  (void)argc;
  return 0;
#endif
}

Determining if the function pthread_create exists in the pthreads failed with the following output:
Change Dir: /home/isp/Desktop/workspace/build/CMakeFiles/CMakeTmp

Run Build Command:"/usr/bin/make" "cmTC_a811d/fast"
/usr/bin/make -f CMakeFiles/cmTC_a811d.dir/build.make CMakeFiles/cmTC_a811d.dir/build
make[1]: Entering directory '/home/isp/Desktop/workspace/build/CMakeFiles/CMakeTmp'
Building C object CMakeFiles/cmTC_a811d.dir/CheckFunctionExists.c.o
/usr/bin/cc   -DCHECK_FUNCTION_EXISTS=pthread_create   -o CMakeFiles/cmTC_a811d.dir/CheckFunctionExists.c.o   -c /usr/share/cmake-3.10/Modules/CheckFunctionExists.c
Linking C executable cmTC_a811d
/usr/bin/cmake -E cmake_link_script CMakeFiles/cmTC_a811d.dir/link.txt --verbose=1
/usr/bin/cc  -DCHECK_FUNCTION_EXISTS=pthread_create    -rdynamic CMakeFiles/cmTC_a811d.dir/CheckFunctionExists.c.o  -o cmTC_a811d -lpthreads 
/usr/bin/ld: 找不到 -lpthreads
collect2: error: ld returned 1 exit status
CMakeFiles/cmTC_a811d.dir/build.make:97: recipe for target 'cmTC_a811d' failed
make[1]: *** [cmTC_a811d] Error 1
make[1]: Leaving directory '/home/isp/Desktop/workspace/build/CMakeFiles/CMakeTmp'
Makefile:126: recipe for target 'cmTC_a811d/fast' failed
make: *** [cmTC_a811d/fast] Error 2


